<?xml version="1.0" encoding="UTF-8"?>
<testng-results skipped="0" failed="0" ignored="3" total="4" passed="1">
  <reporter-output>
  </reporter-output>
  <suite name="Selinium_Automation" duration-ms="4852" started-at="2019-07-07T11:45:48Z" finished-at="2019-07-07T11:45:52Z">
    <groups>
      <group name="regression">
        <method signature="Login.searchFunctionality()[pri:1, instance:TestNg.Login@3d8c7aca]" name="searchFunctionality" class="TestNg.Login"/>
      </group> <!-- regression -->
      <group name="sanity">
        <method signature="Login.searchFunctionality()[pri:1, instance:TestNg.Login@3d8c7aca]" name="searchFunctionality" class="TestNg.Login"/>
      </group> <!-- sanity -->
    </groups>
    <test name="TestNg" duration-ms="4852" started-at="2019-07-07T11:45:48Z" finished-at="2019-07-07T11:45:52Z">
      <class name="TestNg.Login">
        <test-method status="PASS" signature="beforeSuite(java.lang.String)[pri:0, instance:TestNg.Login@3d8c7aca]" name="beforeSuite" is-config="true" duration-ms="2782" started-at="2019-07-07T11:45:45Z" finished-at="2019-07-07T11:45:48Z">
          <params>
            <param index="0">
              <value>
                <![CDATA[chrome]]>
              </value>
            </param>
          </params>
          <reporter-output>
          </reporter-output>
        </test-method> <!-- beforeSuite -->
        <test-method status="PASS" signature="beforeTest(java.lang.String)[pri:0, instance:TestNg.Login@3d8c7aca]" name="beforeTest" is-config="true" duration-ms="2701" started-at="2019-07-07T11:45:48Z" finished-at="2019-07-07T11:45:50Z">
          <params>
            <param index="0">
              <value>
                <![CDATA[http://demo.opencart.com]]>
              </value>
            </param>
          </params>
          <reporter-output>
          </reporter-output>
        </test-method> <!-- beforeTest -->
        <test-method status="PASS" signature="searchFunctionality()[pri:1, instance:TestNg.Login@3d8c7aca]" name="searchFunctionality" duration-ms="2132" started-at="2019-07-07T11:45:50Z" finished-at="2019-07-07T11:45:52Z">
          <reporter-output>
          </reporter-output>
        </test-method> <!-- searchFunctionality -->
      </class> <!-- TestNg.Login -->
    </test> <!-- TestNg -->
  </suite> <!-- Selinium_Automation -->
</testng-results>
