<?xml version="1.0" encoding="UTF-8"?>
<!-- Generated by org.testng.reporters.JUnitXMLReporter -->
<testsuite hostname="KSI050" ignored="3" name="TestNg" tests="1" failures="0" timestamp="07 Jul 2019 11:45:52 GMT" time="4.852" errors="0">
  <testcase name="searchFunctionality" time="2.132" classname="TestNg.Login"/>
  <testcase name="f" time="0.0" classname="TestNg.Login">
    <ignored/>
  </testcase> <!-- f -->
  <testcase name="f" time="0.0" classname="TestNg.Dashboard">
    <ignored/>
  </testcase> <!-- f -->
  <testcase name="cartverification" time="0.0" classname="TestNg.Login">
    <ignored/>
  </testcase> <!-- cartverification -->
</testsuite> <!-- TestNg -->
